This file contains any messages produced by compilers while
running configure, to aid debugging if configure makes a mistake.

It was created by psrfits_utils configure 1.0, which was
generated by GNU Autoconf 2.68.  Invocation command line was

  $ ./configure 

## --------- ##
## Platform. ##
## --------- ##

hostname = nimrod
uname -m = x86_64
uname -r = 3.2.0-94-generic
uname -s = Linux
uname -v = #134-Ubuntu SMP Fri Nov 6 18:16:45 UTC 2015

/usr/bin/uname -p = unknown
/bin/uname -X     = unknown

/bin/arch              = unknown
/usr/bin/arch -k       = unknown
/usr/convex/getsysinfo = unknown
/usr/bin/hostinfo      = unknown
/bin/machine           = unknown
/usr/bin/oslevel       = unknown
/bin/universe          = unknown

PATH: /usr/local/src/presto/bin
PATH: /usr/local/src/fv5.3
PATH: /usr/local/src/wcstools-3.8.6/bin
PATH: /usr/local/sbin
PATH: /usr/local/bin
PATH: /usr/sbin
PATH: /usr/bin
PATH: /sbin
PATH: /bin
PATH: /usr/games


## ----------- ##
## Core tests. ##
## ----------- ##

configure:2137: checking for a BSD-compatible install
configure:2205: result: /usr/bin/install -c
configure:2216: checking whether build environment is sane
configure:2266: result: yes
configure:2407: checking for a thread-safe mkdir -p
configure:2446: result: /bin/mkdir -p
configure:2459: checking for gawk
configure:2475: found /usr/bin/gawk
configure:2486: result: gawk
configure:2497: checking whether make sets $(MAKE)
configure:2519: result: yes
configure:2648: checking for gcc
configure:2664: found /usr/bin/gcc
configure:2675: result: gcc
configure:2904: checking for C compiler version
configure:2913: gcc --version >&5
gcc (Ubuntu/Linaro 4.6.3-1ubuntu5) 4.6.3
Copyright (C) 2011 Free Software Foundation, Inc.
This is free software; see the source for copying conditions.  There is NO
warranty; not even for MERCHANTABILITY or FITNESS FOR A PARTICULAR PURPOSE.

configure:2924: $? = 0
configure:2913: gcc -v >&5
Using built-in specs.
COLLECT_GCC=gcc
COLLECT_LTO_WRAPPER=/usr/lib/gcc/x86_64-linux-gnu/4.6/lto-wrapper
Target: x86_64-linux-gnu
Configured with: ../src/configure -v --with-pkgversion='Ubuntu/Linaro 4.6.3-1ubuntu5' --with-bugurl=file:///usr/share/doc/gcc-4.6/README.Bugs --enable-languages=c,c++,fortran,objc,obj-c++ --prefix=/usr --program-suffix=-4.6 --enable-shared --enable-linker-build-id --with-system-zlib --libexecdir=/usr/lib --without-included-gettext --enable-threads=posix --with-gxx-include-dir=/usr/include/c++/4.6 --libdir=/usr/lib --enable-nls --with-sysroot=/ --enable-clocale=gnu --enable-libstdcxx-debug --enable-libstdcxx-time=yes --enable-gnu-unique-object --enable-plugin --enable-objc-gc --disable-werror --with-arch-32=i686 --with-tune=generic --enable-checking=release --build=x86_64-linux-gnu --host=x86_64-linux-gnu --target=x86_64-linux-gnu
Thread model: posix
gcc version 4.6.3 (Ubuntu/Linaro 4.6.3-1ubuntu5) 
configure:2924: $? = 0
configure:2913: gcc -V >&5
gcc: error: unrecognized option '-V'
gcc: fatal error: no input files
compilation terminated.
configure:2924: $? = 4
configure:2913: gcc -qversion >&5
gcc: error: unrecognized option '-qversion'
gcc: fatal error: no input files
compilation terminated.
configure:2924: $? = 4
configure:2944: checking whether the C compiler works
configure:2966: gcc    conftest.c  >&5
configure:2970: $? = 0
configure:3018: result: yes
configure:3021: checking for C compiler default output file name
configure:3023: result: a.out
configure:3029: checking for suffix of executables
configure:3036: gcc -o conftest    conftest.c  >&5
configure:3040: $? = 0
configure:3062: result: 
configure:3084: checking whether we are cross compiling
configure:3092: gcc -o conftest    conftest.c  >&5
configure:3096: $? = 0
configure:3103: ./conftest
configure:3107: $? = 0
configure:3122: result: no
configure:3127: checking for suffix of object files
configure:3149: gcc -c   conftest.c >&5
configure:3153: $? = 0
configure:3174: result: o
configure:3178: checking whether we are using the GNU C compiler
configure:3197: gcc -c   conftest.c >&5
configure:3197: $? = 0
configure:3206: result: yes
configure:3215: checking whether gcc accepts -g
configure:3235: gcc -c -g  conftest.c >&5
configure:3235: $? = 0
configure:3276: result: yes
configure:3293: checking for gcc option to accept ISO C89
configure:3357: gcc  -c -g -O2  conftest.c >&5
configure:3357: $? = 0
configure:3370: result: none needed
configure:3401: checking for style of include used by make
configure:3429: result: GNU
configure:3455: checking dependency style of gcc
configure:3566: result: gcc3
configure:3610: checking build system type
configure:3624: result: x86_64-unknown-linux-gnu
configure:3644: checking host system type
configure:3657: result: x86_64-unknown-linux-gnu
configure:3698: checking how to print strings
configure:3725: result: printf
configure:3746: checking for a sed that does not truncate output
configure:3810: result: /bin/sed
configure:3828: checking for grep that handles long lines and -e
configure:3886: result: /bin/grep
configure:3891: checking for egrep
configure:3953: result: /bin/grep -E
configure:3958: checking for fgrep
configure:4020: result: /bin/grep -F
configure:4055: checking for ld used by gcc
configure:4122: result: /usr/bin/ld
configure:4129: checking if the linker (/usr/bin/ld) is GNU ld
configure:4144: result: yes
configure:4156: checking for BSD- or MS-compatible name lister (nm)
configure:4205: result: /usr/bin/nm -B
configure:4335: checking the name lister (/usr/bin/nm -B) interface
configure:4342: gcc -c -g -O2  conftest.c >&5
configure:4345: /usr/bin/nm -B "conftest.o"
configure:4348: output
0000000000000000 B some_variable
configure:4355: result: BSD nm
configure:4358: checking whether ln -s works
configure:4362: result: yes
configure:4370: checking the maximum length of command line arguments
configure:4500: result: 1572864
configure:4517: checking whether the shell understands some XSI constructs
configure:4527: result: yes
configure:4531: checking whether the shell understands "+="
configure:4537: result: yes
configure:4572: checking how to convert x86_64-unknown-linux-gnu file names to x86_64-unknown-linux-gnu format
configure:4612: result: func_convert_file_noop
configure:4619: checking how to convert x86_64-unknown-linux-gnu file names to toolchain format
configure:4639: result: func_convert_file_noop
configure:4646: checking for /usr/bin/ld option to reload object files
configure:4653: result: -r
configure:4727: checking for objdump
configure:4743: found /usr/bin/objdump
configure:4754: result: objdump
configure:4786: checking how to recognize dependent libraries
configure:4988: result: pass_all
configure:5073: checking for dlltool
configure:5103: result: no
configure:5133: checking how to associate runtime and link libraries
configure:5160: result: printf %s\n
configure:5221: checking for ar
configure:5237: found /usr/bin/ar
configure:5248: result: ar
configure:5285: checking for archiver @FILE support
configure:5302: gcc -c -g -O2  conftest.c >&5
configure:5302: $? = 0
configure:5305: ar cru libconftest.a @conftest.lst >&5
configure:5308: $? = 0
configure:5313: ar cru libconftest.a @conftest.lst >&5
ar: conftest.o: No such file or directory
configure:5316: $? = 1
configure:5328: result: @
configure:5386: checking for strip
configure:5402: found /usr/bin/strip
configure:5413: result: strip
configure:5485: checking for ranlib
configure:5501: found /usr/bin/ranlib
configure:5512: result: ranlib
configure:5614: checking command to parse /usr/bin/nm -B output from gcc object
configure:5734: gcc -c -g -O2  conftest.c >&5
configure:5737: $? = 0
configure:5741: /usr/bin/nm -B conftest.o \| sed -n -e 's/^.*[ ]\([ABCDGIRSTW][ABCDGIRSTW]*\)[ ][ ]*\([_A-Za-z][_A-Za-z0-9]*\)$/\1 \2 \2/p' | sed '/ __gnu_lto/d' \> conftest.nm
configure:5744: $? = 0
configure:5810: gcc -o conftest -g -O2   conftest.c conftstm.o >&5
configure:5813: $? = 0
configure:5851: result: ok
configure:5888: checking for sysroot
configure:5918: result: no
configure:5995: gcc -c -g -O2  conftest.c >&5
configure:5998: $? = 0
configure:6174: checking for mt
configure:6190: found /bin/mt
configure:6201: result: mt
configure:6224: checking if mt is a manifest tool
configure:6230: mt '-?'
configure:6238: result: no
configure:6880: checking how to run the C preprocessor
configure:6911: gcc -E  conftest.c
configure:6911: $? = 0
configure:6925: gcc -E  conftest.c
conftest.c:11:28: fatal error: ac_nonexistent.h: No such file or directory
compilation terminated.
configure:6925: $? = 1
configure: failed program was:
| /* confdefs.h */
| #define PACKAGE_NAME "psrfits_utils"
| #define PACKAGE_TARNAME "psrfits_utils"
| #define PACKAGE_VERSION "1.0"
| #define PACKAGE_STRING "psrfits_utils 1.0"
| #define PACKAGE_BUGREPORT ""
| #define PACKAGE_URL ""
| #define PACKAGE "psrfits_utils"
| #define VERSION "1.0"
| /* end confdefs.h.  */
| #include <ac_nonexistent.h>
configure:6950: result: gcc -E
configure:6970: gcc -E  conftest.c
configure:6970: $? = 0
configure:6984: gcc -E  conftest.c
conftest.c:11:28: fatal error: ac_nonexistent.h: No such file or directory
compilation terminated.
configure:6984: $? = 1
configure: failed program was:
| /* confdefs.h */
| #define PACKAGE_NAME "psrfits_utils"
| #define PACKAGE_TARNAME "psrfits_utils"
| #define PACKAGE_VERSION "1.0"
| #define PACKAGE_STRING "psrfits_utils 1.0"
| #define PACKAGE_BUGREPORT ""
| #define PACKAGE_URL ""
| #define PACKAGE "psrfits_utils"
| #define VERSION "1.0"
| /* end confdefs.h.  */
| #include <ac_nonexistent.h>
configure:7013: checking for ANSI C header files
configure:7033: gcc -c -g -O2  conftest.c >&5
configure:7033: $? = 0
configure:7106: gcc -o conftest -g -O2   conftest.c  >&5
configure:7106: $? = 0
configure:7106: ./conftest
configure:7106: $? = 0
configure:7117: result: yes
configure:7130: checking for sys/types.h
configure:7130: gcc -c -g -O2  conftest.c >&5
configure:7130: $? = 0
configure:7130: result: yes
configure:7130: checking for sys/stat.h
configure:7130: gcc -c -g -O2  conftest.c >&5
configure:7130: $? = 0
configure:7130: result: yes
configure:7130: checking for stdlib.h
configure:7130: gcc -c -g -O2  conftest.c >&5
configure:7130: $? = 0
configure:7130: result: yes
configure:7130: checking for string.h
configure:7130: gcc -c -g -O2  conftest.c >&5
configure:7130: $? = 0
configure:7130: result: yes
configure:7130: checking for memory.h
configure:7130: gcc -c -g -O2  conftest.c >&5
configure:7130: $? = 0
configure:7130: result: yes
configure:7130: checking for strings.h
configure:7130: gcc -c -g -O2  conftest.c >&5
configure:7130: $? = 0
configure:7130: result: yes
configure:7130: checking for inttypes.h
configure:7130: gcc -c -g -O2  conftest.c >&5
configure:7130: $? = 0
configure:7130: result: yes
configure:7130: checking for stdint.h
configure:7130: gcc -c -g -O2  conftest.c >&5
configure:7130: $? = 0
configure:7130: result: yes
configure:7130: checking for unistd.h
configure:7130: gcc -c -g -O2  conftest.c >&5
configure:7130: $? = 0
configure:7130: result: yes
configure:7144: checking for dlfcn.h
configure:7144: gcc -c -g -O2  conftest.c >&5
configure:7144: $? = 0
configure:7144: result: yes
configure:7350: checking for objdir
configure:7365: result: .libs
configure:7636: checking if gcc supports -fno-rtti -fno-exceptions
configure:7654: gcc -c -g -O2  -fno-rtti -fno-exceptions conftest.c >&5
cc1: warning: command line option '-fno-rtti' is valid for C++/ObjC++ but not for C [enabled by default]
configure:7658: $? = 0
configure:7671: result: no
configure:7998: checking for gcc option to produce PIC
configure:8005: result: -fPIC -DPIC
configure:8013: checking if gcc PIC flag -fPIC -DPIC works
configure:8031: gcc -c -g -O2  -fPIC -DPIC -DPIC conftest.c >&5
configure:8035: $? = 0
configure:8048: result: yes
configure:8077: checking if gcc static flag -static works
configure:8105: result: yes
configure:8120: checking if gcc supports -c -o file.o
configure:8141: gcc -c -g -O2  -o out/conftest2.o conftest.c >&5
configure:8145: $? = 0
configure:8167: result: yes
configure:8175: checking if gcc supports -c -o file.o
configure:8222: result: yes
configure:8255: checking whether the gcc linker (/usr/bin/ld -m elf_x86_64) supports shared libraries
configure:9412: result: yes
configure:9449: checking whether -lc should be explicitly linked in
configure:9457: gcc -c -g -O2  conftest.c >&5
configure:9460: $? = 0
configure:9475: gcc -shared  -fPIC -DPIC conftest.o  -v -Wl,-soname -Wl,conftest -o conftest 2\>\&1 \| /bin/grep  -lc  \>/dev/null 2\>\&1
configure:9478: $? = 0
configure:9492: result: no
configure:9652: checking dynamic linker characteristics
configure:10163: gcc -o conftest -g -O2   -Wl,-rpath -Wl,/foo conftest.c  >&5
configure:10163: $? = 0
configure:10397: result: GNU/Linux ld.so
configure:10504: checking how to hardcode library paths into programs
configure:10529: result: immediate
configure:11069: checking whether stripping libraries is possible
configure:11074: result: yes
configure:11109: checking if libtool supports shared libraries
configure:11111: result: yes
configure:11114: checking whether to build shared libraries
configure:11135: result: yes
configure:11138: checking whether to build static libraries
configure:11142: result: yes
configure:11345: checking for the pthreads library -lpthreads
configure:11383: gcc -o conftest -g -O2    conftest.c -lpthreads  >&5
/usr/bin/ld: cannot find -lpthreads
collect2: ld returned 1 exit status
configure:11383: $? = 1
configure: failed program was:
| /* confdefs.h */
| #define PACKAGE_NAME "psrfits_utils"
| #define PACKAGE_TARNAME "psrfits_utils"
| #define PACKAGE_VERSION "1.0"
| #define PACKAGE_STRING "psrfits_utils 1.0"
| #define PACKAGE_BUGREPORT ""
| #define PACKAGE_URL ""
| #define PACKAGE "psrfits_utils"
| #define VERSION "1.0"
| #define STDC_HEADERS 1
| #define HAVE_SYS_TYPES_H 1
| #define HAVE_SYS_STAT_H 1
| #define HAVE_STDLIB_H 1
| #define HAVE_STRING_H 1
| #define HAVE_MEMORY_H 1
| #define HAVE_STRINGS_H 1
| #define HAVE_INTTYPES_H 1
| #define HAVE_STDINT_H 1
| #define HAVE_UNISTD_H 1
| #define HAVE_DLFCN_H 1
| #define LT_OBJDIR ".libs/"
| /* end confdefs.h.  */
| #include <pthread.h>
| 	             static void routine(void* a) {a=0;}
| 	             static void* start_routine(void* a) {return a;}
| int
| main ()
| {
| pthread_t th; pthread_attr_t attr;
|                      pthread_join(th, 0);
|                      pthread_attr_init(&attr);
|                      pthread_cleanup_push(routine, 0);
|                      pthread_create(&th,0,start_routine,0);
|                      pthread_cleanup_pop(0);
|   ;
|   return 0;
| }
configure:11392: result: no
configure:11290: checking whether pthreads work without any flags
configure:11383: gcc -o conftest -g -O2    conftest.c   >&5
/tmp/ccDNQerH.o: In function `main':
/home/tcromart/MAIN_2BIT/psrfits_utils_git/conftest.c:30: undefined reference to `pthread_join'
/home/tcromart/MAIN_2BIT/psrfits_utils_git/conftest.c:32: undefined reference to `__pthread_register_cancel'
/home/tcromart/MAIN_2BIT/psrfits_utils_git/conftest.c:33: undefined reference to `pthread_create'
/home/tcromart/MAIN_2BIT/psrfits_utils_git/conftest.c:34: undefined reference to `__pthread_unregister_cancel'
collect2: ld returned 1 exit status
configure:11383: $? = 1
configure: failed program was:
| /* confdefs.h */
| #define PACKAGE_NAME "psrfits_utils"
| #define PACKAGE_TARNAME "psrfits_utils"
| #define PACKAGE_VERSION "1.0"
| #define PACKAGE_STRING "psrfits_utils 1.0"
| #define PACKAGE_BUGREPORT ""
| #define PACKAGE_URL ""
| #define PACKAGE "psrfits_utils"
| #define VERSION "1.0"
| #define STDC_HEADERS 1
| #define HAVE_SYS_TYPES_H 1
| #define HAVE_SYS_STAT_H 1
| #define HAVE_STDLIB_H 1
| #define HAVE_STRING_H 1
| #define HAVE_MEMORY_H 1
| #define HAVE_STRINGS_H 1
| #define HAVE_INTTYPES_H 1
| #define HAVE_STDINT_H 1
| #define HAVE_UNISTD_H 1
| #define HAVE_DLFCN_H 1
| #define LT_OBJDIR ".libs/"
| /* end confdefs.h.  */
| #include <pthread.h>
| 	             static void routine(void* a) {a=0;}
| 	             static void* start_routine(void* a) {return a;}
| int
| main ()
| {
| pthread_t th; pthread_attr_t attr;
|                      pthread_join(th, 0);
|                      pthread_attr_init(&attr);
|                      pthread_cleanup_push(routine, 0);
|                      pthread_create(&th,0,start_routine,0);
|                      pthread_cleanup_pop(0);
|   ;
|   return 0;
| }
configure:11392: result: no
configure:11295: checking whether pthreads work with -Kthread
configure:11383: gcc -o conftest -g -O2 -Kthread   conftest.c   >&5
gcc: error: unrecognized option '-Kthread'
configure:11383: $? = 1
configure: failed program was:
| /* confdefs.h */
| #define PACKAGE_NAME "psrfits_utils"
| #define PACKAGE_TARNAME "psrfits_utils"
| #define PACKAGE_VERSION "1.0"
| #define PACKAGE_STRING "psrfits_utils 1.0"
| #define PACKAGE_BUGREPORT ""
| #define PACKAGE_URL ""
| #define PACKAGE "psrfits_utils"
| #define VERSION "1.0"
| #define STDC_HEADERS 1
| #define HAVE_SYS_TYPES_H 1
| #define HAVE_SYS_STAT_H 1
| #define HAVE_STDLIB_H 1
| #define HAVE_STRING_H 1
| #define HAVE_MEMORY_H 1
| #define HAVE_STRINGS_H 1
| #define HAVE_INTTYPES_H 1
| #define HAVE_STDINT_H 1
| #define HAVE_UNISTD_H 1
| #define HAVE_DLFCN_H 1
| #define LT_OBJDIR ".libs/"
| /* end confdefs.h.  */
| #include <pthread.h>
| 	             static void routine(void* a) {a=0;}
| 	             static void* start_routine(void* a) {return a;}
| int
| main ()
| {
| pthread_t th; pthread_attr_t attr;
|                      pthread_join(th, 0);
|                      pthread_attr_init(&attr);
|                      pthread_cleanup_push(routine, 0);
|                      pthread_create(&th,0,start_routine,0);
|                      pthread_cleanup_pop(0);
|   ;
|   return 0;
| }
configure:11392: result: no
configure:11295: checking whether pthreads work with -kthread
configure:11383: gcc -o conftest -g -O2 -kthread   conftest.c   >&5
gcc: error: unrecognized option '-kthread'
configure:11383: $? = 1
configure: failed program was:
| /* confdefs.h */
| #define PACKAGE_NAME "psrfits_utils"
| #define PACKAGE_TARNAME "psrfits_utils"
| #define PACKAGE_VERSION "1.0"
| #define PACKAGE_STRING "psrfits_utils 1.0"
| #define PACKAGE_BUGREPORT ""
| #define PACKAGE_URL ""
| #define PACKAGE "psrfits_utils"
| #define VERSION "1.0"
| #define STDC_HEADERS 1
| #define HAVE_SYS_TYPES_H 1
| #define HAVE_SYS_STAT_H 1
| #define HAVE_STDLIB_H 1
| #define HAVE_STRING_H 1
| #define HAVE_MEMORY_H 1
| #define HAVE_STRINGS_H 1
| #define HAVE_INTTYPES_H 1
| #define HAVE_STDINT_H 1
| #define HAVE_UNISTD_H 1
| #define HAVE_DLFCN_H 1
| #define LT_OBJDIR ".libs/"
| /* end confdefs.h.  */
| #include <pthread.h>
| 	             static void routine(void* a) {a=0;}
| 	             static void* start_routine(void* a) {return a;}
| int
| main ()
| {
| pthread_t th; pthread_attr_t attr;
|                      pthread_join(th, 0);
|                      pthread_attr_init(&attr);
|                      pthread_cleanup_push(routine, 0);
|                      pthread_create(&th,0,start_routine,0);
|                      pthread_cleanup_pop(0);
|   ;
|   return 0;
| }
configure:11392: result: no
configure:11345: checking for the pthreads library -llthread
configure:11383: gcc -o conftest -g -O2    conftest.c -llthread  >&5
/usr/bin/ld: cannot find -llthread
collect2: ld returned 1 exit status
configure:11383: $? = 1
configure: failed program was:
| /* confdefs.h */
| #define PACKAGE_NAME "psrfits_utils"
| #define PACKAGE_TARNAME "psrfits_utils"
| #define PACKAGE_VERSION "1.0"
| #define PACKAGE_STRING "psrfits_utils 1.0"
| #define PACKAGE_BUGREPORT ""
| #define PACKAGE_URL ""
| #define PACKAGE "psrfits_utils"
| #define VERSION "1.0"
| #define STDC_HEADERS 1
| #define HAVE_SYS_TYPES_H 1
| #define HAVE_SYS_STAT_H 1
| #define HAVE_STDLIB_H 1
| #define HAVE_STRING_H 1
| #define HAVE_MEMORY_H 1
| #define HAVE_STRINGS_H 1
| #define HAVE_INTTYPES_H 1
| #define HAVE_STDINT_H 1
| #define HAVE_UNISTD_H 1
| #define HAVE_DLFCN_H 1
| #define LT_OBJDIR ".libs/"
| /* end confdefs.h.  */
| #include <pthread.h>
| 	             static void routine(void* a) {a=0;}
| 	             static void* start_routine(void* a) {return a;}
| int
| main ()
| {
| pthread_t th; pthread_attr_t attr;
|                      pthread_join(th, 0);
|                      pthread_attr_init(&attr);
|                      pthread_cleanup_push(routine, 0);
|                      pthread_create(&th,0,start_routine,0);
|                      pthread_cleanup_pop(0);
|   ;
|   return 0;
| }
configure:11392: result: no
configure:11295: checking whether pthreads work with -pthread
configure:11383: gcc -o conftest -g -O2 -pthread   conftest.c   >&5
configure:11383: $? = 0
configure:11392: result: yes
configure:11411: checking for joinable pthread attribute
configure:11426: gcc -o conftest -g -O2 -pthread   conftest.c   >&5
configure:11426: $? = 0
configure:11432: result: PTHREAD_CREATE_JOINABLE
configure:11442: checking if more special flags are required for pthreads
configure:11449: result: no
configure:11532: checking for sin in -lm
configure:11557: gcc -o conftest -g -O2   conftest.c -lm   >&5
conftest.c:31:6: warning: conflicting types for built-in function 'sin' [enabled by default]
configure:11557: $? = 0
configure:11566: result: yes
configure:11577: checking for ffgky in -lcfitsio
configure:11602: gcc -o conftest -g -O2   conftest.c -lcfitsio  -lm  >&5
configure:11602: $? = 0
configure:11611: result: yes
configure:11806: creating ./config.status

## ---------------------- ##
## Running config.status. ##
## ---------------------- ##

This file was extended by psrfits_utils config.status 1.0, which was
generated by GNU Autoconf 2.68.  Invocation command line was

  CONFIG_FILES    = 
  CONFIG_HEADERS  = 
  CONFIG_LINKS    = 
  CONFIG_COMMANDS = 
  $ ./config.status 

on nimrod

config.status:1015: creating Makefile
config.status:1187: executing depfiles commands
config.status:1187: executing libtool commands

## ---------------- ##
## Cache variables. ##
## ---------------- ##

ac_cv_build=x86_64-unknown-linux-gnu
ac_cv_c_compiler_gnu=yes
ac_cv_env_CC_set=
ac_cv_env_CC_value=
ac_cv_env_CFLAGS_set=
ac_cv_env_CFLAGS_value=
ac_cv_env_CPPFLAGS_set=
ac_cv_env_CPPFLAGS_value=
ac_cv_env_CPP_set=
ac_cv_env_CPP_value=
ac_cv_env_LDFLAGS_set=
ac_cv_env_LDFLAGS_value=
ac_cv_env_LIBS_set=
ac_cv_env_LIBS_value=
ac_cv_env_build_alias_set=
ac_cv_env_build_alias_value=
ac_cv_env_host_alias_set=
ac_cv_env_host_alias_value=
ac_cv_env_target_alias_set=
ac_cv_env_target_alias_value=
ac_cv_header_dlfcn_h=yes
ac_cv_header_inttypes_h=yes
ac_cv_header_memory_h=yes
ac_cv_header_stdc=yes
ac_cv_header_stdint_h=yes
ac_cv_header_stdlib_h=yes
ac_cv_header_string_h=yes
ac_cv_header_strings_h=yes
ac_cv_header_sys_stat_h=yes
ac_cv_header_sys_types_h=yes
ac_cv_header_unistd_h=yes
ac_cv_host=x86_64-unknown-linux-gnu
ac_cv_lib_cfitsio_ffgky=yes
ac_cv_lib_m_sin=yes
ac_cv_objext=o
ac_cv_path_EGREP='/bin/grep -E'
ac_cv_path_FGREP='/bin/grep -F'
ac_cv_path_GREP=/bin/grep
ac_cv_path_SED=/bin/sed
ac_cv_path_install='/usr/bin/install -c'
ac_cv_path_mkdir=/bin/mkdir
ac_cv_prog_AWK=gawk
ac_cv_prog_CPP='gcc -E'
ac_cv_prog_ac_ct_AR=ar
ac_cv_prog_ac_ct_CC=gcc
ac_cv_prog_ac_ct_MANIFEST_TOOL=mt
ac_cv_prog_ac_ct_OBJDUMP=objdump
ac_cv_prog_ac_ct_RANLIB=ranlib
ac_cv_prog_ac_ct_STRIP=strip
ac_cv_prog_cc_c89=
ac_cv_prog_cc_g=yes
ac_cv_prog_make_make_set=yes
am_cv_CC_dependencies_compiler_type=gcc3
lt_cv_ar_at_file=@
lt_cv_archive_cmds_need_lc=no
lt_cv_deplibs_check_method=pass_all
lt_cv_file_magic_cmd='$MAGIC_CMD'
lt_cv_file_magic_test_file=
lt_cv_ld_reload_flag=-r
lt_cv_nm_interface='BSD nm'
lt_cv_objdir=.libs
lt_cv_path_LD=/usr/bin/ld
lt_cv_path_NM='/usr/bin/nm -B'
lt_cv_path_mainfest_tool=no
lt_cv_prog_compiler_c_o=yes
lt_cv_prog_compiler_pic='-fPIC -DPIC'
lt_cv_prog_compiler_pic_works=yes
lt_cv_prog_compiler_rtti_exceptions=no
lt_cv_prog_compiler_static_works=yes
lt_cv_prog_gnu_ld=yes
lt_cv_sharedlib_from_linklib_cmd='printf %s\n'
lt_cv_shlibpath_overrides_runpath=no
lt_cv_sys_global_symbol_pipe='sed -n -e '\''s/^.*[	 ]\([ABCDGIRSTW][ABCDGIRSTW]*\)[	 ][	 ]*\([_A-Za-z][_A-Za-z0-9]*\)$/\1 \2 \2/p'\'' | sed '\''/ __gnu_lto/d'\'''
lt_cv_sys_global_symbol_to_c_name_address='sed -n -e '\''s/^: \([^ ]*\)[ ]*$/  {\"\1\", (void *) 0},/p'\'' -e '\''s/^[ABCDGIRSTW]* \([^ ]*\) \([^ ]*\)$/  {"\2", (void *) \&\2},/p'\'''
lt_cv_sys_global_symbol_to_c_name_address_lib_prefix='sed -n -e '\''s/^: \([^ ]*\)[ ]*$/  {\"\1\", (void *) 0},/p'\'' -e '\''s/^[ABCDGIRSTW]* \([^ ]*\) \(lib[^ ]*\)$/  {"\2", (void *) \&\2},/p'\'' -e '\''s/^[ABCDGIRSTW]* \([^ ]*\) \([^ ]*\)$/  {"lib\2", (void *) \&\2},/p'\'''
lt_cv_sys_global_symbol_to_cdecl='sed -n -e '\''s/^T .* \(.*\)$/extern int \1();/p'\'' -e '\''s/^[ABCDGIRSTW]* .* \(.*\)$/extern char \1;/p'\'''
lt_cv_sys_max_cmd_len=1572864
lt_cv_to_host_file_cmd=func_convert_file_noop
lt_cv_to_tool_file_cmd=func_convert_file_noop

## ----------------- ##
## Output variables. ##
## ----------------- ##

ACLOCAL='${SHELL} /home/tcromart/MAIN_2BIT/psrfits_utils_git/config/missing --run aclocal-1.11'
AMDEPBACKSLASH='\'
AMDEP_FALSE='#'
AMDEP_TRUE=''
AMTAR='$${TAR-tar}'
AR='ar'
AUTOCONF='${SHELL} /home/tcromart/MAIN_2BIT/psrfits_utils_git/config/missing --run autoconf'
AUTOHEADER='${SHELL} /home/tcromart/MAIN_2BIT/psrfits_utils_git/config/missing --run autoheader'
AUTOMAKE='${SHELL} /home/tcromart/MAIN_2BIT/psrfits_utils_git/config/missing --run automake-1.11'
AWK='gawk'
CC='gcc'
CCDEPMODE='depmode=gcc3'
CFLAGS='-g -O2'
CPP='gcc -E'
CPPFLAGS=''
CYGPATH_W='echo'
DEFS='-DPACKAGE_NAME=\"psrfits_utils\" -DPACKAGE_TARNAME=\"psrfits_utils\" -DPACKAGE_VERSION=\"1.0\" -DPACKAGE_STRING=\"psrfits_utils\ 1.0\" -DPACKAGE_BUGREPORT=\"\" -DPACKAGE_URL=\"\" -DPACKAGE=\"psrfits_utils\" -DVERSION=\"1.0\" -DSTDC_HEADERS=1 -DHAVE_SYS_TYPES_H=1 -DHAVE_SYS_STAT_H=1 -DHAVE_STDLIB_H=1 -DHAVE_STRING_H=1 -DHAVE_MEMORY_H=1 -DHAVE_STRINGS_H=1 -DHAVE_INTTYPES_H=1 -DHAVE_STDINT_H=1 -DHAVE_UNISTD_H=1 -DHAVE_DLFCN_H=1 -DLT_OBJDIR=\".libs/\" -DHAVE_PTHREAD=1 -DHAVE_LIBM=1 -DHAVE_LIBCFITSIO=1'
DEPDIR='.deps'
DLLTOOL='false'
DSYMUTIL=''
DUMPBIN=''
ECHO_C=''
ECHO_N='-n'
ECHO_T=''
EGREP='/bin/grep -E'
EXEEXT=''
FGREP='/bin/grep -F'
GREP='/bin/grep'
INSTALL_DATA='${INSTALL} -m 644'
INSTALL_PROGRAM='${INSTALL}'
INSTALL_SCRIPT='${INSTALL}'
INSTALL_STRIP_PROGRAM='$(install_sh) -c -s'
LD='/usr/bin/ld -m elf_x86_64'
LDFLAGS=''
LIBOBJS=''
LIBS='-lcfitsio -lm '
LIBTOOL='$(SHELL) $(top_builddir)/libtool'
LIPO=''
LN_S='ln -s'
LTLIBOBJS=''
MAKEINFO='${SHELL} /home/tcromart/MAIN_2BIT/psrfits_utils_git/config/missing --run makeinfo'
MANIFEST_TOOL=':'
MKDIR_P='/bin/mkdir -p'
NM='/usr/bin/nm -B'
NMEDIT=''
OBJDUMP='objdump'
OBJEXT='o'
OTOOL64=''
OTOOL=''
PACKAGE='psrfits_utils'
PACKAGE_BUGREPORT=''
PACKAGE_NAME='psrfits_utils'
PACKAGE_STRING='psrfits_utils 1.0'
PACKAGE_TARNAME='psrfits_utils'
PACKAGE_URL=''
PACKAGE_VERSION='1.0'
PATH_SEPARATOR=':'
PTHREAD_CC='gcc'
PTHREAD_CFLAGS='-pthread'
PTHREAD_LIBS=''
RANLIB='ranlib'
SED='/bin/sed'
SET_MAKE=''
SHELL='/bin/bash'
STRIP='strip'
VERSION='1.0'
ac_ct_AR='ar'
ac_ct_CC='gcc'
ac_ct_DUMPBIN=''
am__EXEEXT_FALSE=''
am__EXEEXT_TRUE='#'
am__fastdepCC_FALSE='#'
am__fastdepCC_TRUE=''
am__include='include'
am__isrc=''
am__leading_dot='.'
am__nodep='_no'
am__quote=''
am__tar='$${TAR-tar} chof - "$$tardir"'
am__untar='$${TAR-tar} xf -'
ax_pthread_config=''
bindir='${exec_prefix}/bin'
build='x86_64-unknown-linux-gnu'
build_alias=''
build_cpu='x86_64'
build_os='linux-gnu'
build_vendor='unknown'
datadir='${datarootdir}'
datarootdir='${prefix}/share'
docdir='${datarootdir}/doc/${PACKAGE_TARNAME}'
dvidir='${docdir}'
exec_prefix='${prefix}'
host='x86_64-unknown-linux-gnu'
host_alias=''
host_cpu='x86_64'
host_os='linux-gnu'
host_vendor='unknown'
htmldir='${docdir}'
includedir='${prefix}/include'
infodir='${datarootdir}/info'
install_sh='${SHELL} /home/tcromart/MAIN_2BIT/psrfits_utils_git/config/install-sh'
libdir='${exec_prefix}/lib'
libexecdir='${exec_prefix}/libexec'
localedir='${datarootdir}/locale'
localstatedir='${prefix}/var'
mandir='${datarootdir}/man'
mkdir_p='/bin/mkdir -p'
oldincludedir='/usr/include'
pdfdir='${docdir}'
prefix='/usr/local'
program_transform_name='s,x,x,'
psdir='${docdir}'
sbindir='${exec_prefix}/sbin'
sharedstatedir='${prefix}/com'
sysconfdir='${prefix}/etc'
target_alias=''

## ----------- ##
## confdefs.h. ##
## ----------- ##

/* confdefs.h */
#define PACKAGE_NAME "psrfits_utils"
#define PACKAGE_TARNAME "psrfits_utils"
#define PACKAGE_VERSION "1.0"
#define PACKAGE_STRING "psrfits_utils 1.0"
#define PACKAGE_BUGREPORT ""
#define PACKAGE_URL ""
#define PACKAGE "psrfits_utils"
#define VERSION "1.0"
#define STDC_HEADERS 1
#define HAVE_SYS_TYPES_H 1
#define HAVE_SYS_STAT_H 1
#define HAVE_STDLIB_H 1
#define HAVE_STRING_H 1
#define HAVE_MEMORY_H 1
#define HAVE_STRINGS_H 1
#define HAVE_INTTYPES_H 1
#define HAVE_STDINT_H 1
#define HAVE_UNISTD_H 1
#define HAVE_DLFCN_H 1
#define LT_OBJDIR ".libs/"
#define HAVE_PTHREAD 1
#define HAVE_LIBM 1
#define HAVE_LIBCFITSIO 1

configure: exit 0
